# JRE version: OpenJDK Runtime Environment (8.0_76-b03) (build 1.8.0_76-release-b03)
# Java VM: OpenJDK 64-Bit Server VM (25.76-b03 mixed mode windows-amd64 compressed oops)
Heap:
 PSYoungGen      total 70656K, used 65632K [0x00000000e0000000, 0x00000000e5380000, 0x0000000100000000)
  eden space 62976K, 100% used [0x00000000e0000000,0x00000000e3d80000,0x00000000e3d80000)
  from space 7680K, 34% used [0x00000000e4c00000,0x00000000e4e98000,0x00000000e5380000)
  to   space 7168K, 0% used [0x00000000e3d80000,0x00000000e3d80000,0x00000000e4480000)
 ParOldGen       total 34816K, used 10207K [0x00000000a0000000, 0x00000000a2200000, 0x00000000e0000000)
  object space 34816K, 29% used [0x00000000a0000000,0x00000000a09f7ec0,0x00000000a2200000)
 Metaspace       used 32845K, capacity 33384K, committed 33792K, reserved 1079296K
  class space    used 4411K, capacity 4593K, committed 4608K, reserved 1048576K
GC Heap History (10 events):
Event: 4.173 GC heap before
{Heap before GC invocations=7 (full 0):
 PSYoungGen      total 39936K, used 24509K [0x00000000e0000000, 0x00000000e2e00000, 0x0000000100000000)
  eden space 32768K, 60% used [0x00000000e0000000,0x00000000e13665f8,0x00000000e2000000)
  from space 7168K, 64% used [0x00000000e2700000,0x00000000e2b88e50,0x00000000e2e00000)
  to   space 7168K, 0% used [0x00000000e2000000,0x00000000e2000000,0x00000000e2700000)
 ParOldGen       total 44032K, used 8176K [0x00000000a0000000, 0x00000000a2b00000, 0x00000000e0000000)
  object space 44032K, 18% used [0x00000000a0000000,0x00000000a07fc3a0,0x00000000a2b00000)
 Metaspace       used 20709K, capacity 21096K, committed 21296K, reserved 1067008K
  class space    used 2693K, capacity 2825K, committed 2944K, reserved 1048576K
Event: 4.183 GC heap after
Heap after GC invocations=7 (full 0):
 PSYoungGen      total 39936K, used 5024K [0x00000000e0000000, 0x00000000e4e00000, 0x0000000100000000)
  eden space 32768K, 0% used [0x00000000e0000000,0x00000000e0000000,0x00000000e2000000)
  from space 7168K, 70% used [0x00000000e2000000,0x00000000e24e80b8,0x00000000e2700000)
  to   space 7168K, 0% used [0x00000000e4700000,0x00000000e4700000,0x00000000e4e00000)
 ParOldGen       total 44032K, used 8636K [0x00000000a0000000, 0x00000000a2b00000, 0x00000000e0000000)
  object space 44032K, 19% used [0x00000000a0000000,0x00000000a086f3d0,0x00000000a2b00000)
 Metaspace       used 20709K, capacity 21096K, committed 21296K, reserved 1067008K
  class space    used 2693K, capacity 2825K, committed 2944K, reserved 1048576K
}
Event: 4.183 GC heap before
{Heap before GC invocations=8 (full 1):
 PSYoungGen      total 39936K, used 5024K [0x00000000e0000000, 0x00000000e4e00000, 0x0000000100000000)
  eden space 32768K, 0% used [0x00000000e0000000,0x00000000e0000000,0x00000000e2000000)
  from space 7168K, 70% used [0x00000000e2000000,0x00000000e24e80b8,0x00000000e2700000)
  to   space 7168K, 0% used [0x00000000e4700000,0x00000000e4700000,0x00000000e4e00000)
 ParOldGen       total 44032K, used 8636K [0x00000000a0000000, 0x00000000a2b00000, 0x00000000e0000000)
  object space 44032K, 19% used [0x00000000a0000000,0x00000000a086f3d0,0x00000000a2b00000)
 Metaspace       used 20709K, capacity 21096K, committed 21296K, reserved 1067008K
  class space    used 2693K, capacity 2825K, committed 2944K, reserved 1048576K
Event: 4.241 GC heap after
Heap after GC invocations=8 (full 1):
 PSYoungGen      total 39936K, used 0K [0x00000000e0000000, 0x00000000e4e00000, 0x0000000100000000)
  eden space 32768K, 0% used [0x00000000e0000000,0x00000000e0000000,0x00000000e2000000)
  from space 7168K, 0% used [0x00000000e2000000,0x00000000e2000000,0x00000000e2700000)
  to   space 7168K, 0% used [0x00000000e4700000,0x00000000e4700000,0x00000000e4e00000)
 ParOldGen       total 34816K, used 8111K [0x00000000a0000000, 0x00000000a2200000, 0x00000000e0000000)
  object space 34816K, 23% used [0x00000000a0000000,0x00000000a07ebe68,0x00000000a2200000)
 Metaspace       used 20709K, capacity 21096K, committed 21296K, reserved 1067008K
  class space    used 2693K, capacity 2825K, committed 2944K, reserved 1048576K
}
Event: 5.324 GC heap before
{Heap before GC invocations=9 (full 1):
 PSYoungGen      total 39936K, used 32768K [0x00000000e0000000, 0x00000000e4e00000, 0x0000000100000000)
  eden space 32768K, 100% used [0x00000000e0000000,0x00000000e2000000,0x00000000e2000000)
  from space 7168K, 0% used [0x00000000e2000000,0x00000000e2000000,0x00000000e2700000)
  to   space 7168K, 0% used [0x00000000e4700000,0x00000000e4700000,0x00000000e4e00000)
 ParOldGen       total 34816K, used 8111K [0x00000000a0000000, 0x00000000a2200000, 0x00000000e0000000)
  object space 34816K, 23% used [0x00000000a0000000,0x00000000a07ebe68,0x00000000a2200000)
 Metaspace       used 23392K, capacity 23922K, committed 24064K, reserved 1071104K
  class space    used 3144K, capacity 3293K, committed 3328K, reserved 1048576K
Event: 5.332 GC heap after
Heap after GC invocations=9 (full 1):
 PSYoungGen      total 56832K, used 4444K [0x00000000e0000000, 0x00000000e4b80000, 0x0000000100000000)
  eden space 52224K, 0% used [0x00000000e0000000,0x00000000e0000000,0x00000000e3300000)
  from space 4608K, 96% used [0x00000000e4700000,0x00000000e4b57038,0x00000000e4b80000)
  to   space 7168K, 0% used [0x00000000e3d80000,0x00000000e3d80000,0x00000000e4480000)
 ParOldGen       total 34816K, used 8119K [0x00000000a0000000, 0x00000000a2200000, 0x00000000e0000000)
  object space 34816K, 23% used [0x00000000a0000000,0x00000000a07ede68,0x00000000a2200000)
 Metaspace       used 23392K, capacity 23922K, committed 24064K, reserved 1071104K
  class space    used 3144K, capacity 3293K, committed 3328K, reserved 1048576K
}
Event: 6.458 GC heap before
{Heap before GC invocations=10 (full 1):
 PSYoungGen      total 56832K, used 56668K [0x00000000e0000000, 0x00000000e4b80000, 0x0000000100000000)
  eden space 52224K, 100% used [0x00000000e0000000,0x00000000e3300000,0x00000000e3300000)
  from space 4608K, 96% used [0x00000000e4700000,0x00000000e4b57038,0x00000000e4b80000)
  to   space 7168K, 0% used [0x00000000e3d80000,0x00000000e3d80000,0x00000000e4480000)
 ParOldGen       total 34816K, used 8119K [0x00000000a0000000, 0x00000000a2200000, 0x00000000e0000000)
  object space 34816K, 23% used [0x00000000a0000000,0x00000000a07ede68,0x00000000a2200000)
 Metaspace       used 27569K, capacity 28030K, committed 28288K, reserved 1073152K
  class space    used 3778K, capacity 3935K, committed 3968K, reserved 1048576K
Event: 6.471 GC heap after
Heap after GC invocations=10 (full 1):
 PSYoungGen      total 70144K, used 6818K [0x00000000e0000000, 0x00000000e5380000, 0x0000000100000000)
  eden space 62976K, 0% used [0x00000000e0000000,0x00000000e0000000,0x00000000e3d80000)
  from space 7168K, 95% used [0x00000000e3d80000,0x00000000e4428948,0x00000000e4480000)
  to   space 7680K, 0% used [0x00000000e4c00000,0x00000000e4c00000,0x00000000e5380000)
 ParOldGen       total 34816K, used 8199K [0x00000000a0000000, 0x00000000a2200000, 0x00000000e0000000)
  object space 34816K, 23% used [0x00000000a0000000,0x00000000a0801e90,0x00000000a2200000)
 Metaspace       used 27569K, capacity 28030K, committed 28288K, reserved 1073152K
  class space    used 3778K, capacity 3935K, committed 3968K, reserved 1048576K
}
Event: 8.114 GC heap before
{Heap before GC invocations=11 (full 1):
 PSYoungGen      total 70144K, used 69794K [0x00000000e0000000, 0x00000000e5380000, 0x0000000100000000)
  eden space 62976K, 100% used [0x00000000e0000000,0x00000000e3d80000,0x00000000e3d80000)
  from space 7168K, 95% used [0x00000000e3d80000,0x00000000e4428948,0x00000000e4480000)
  to   space 7680K, 0% used [0x00000000e4c00000,0x00000000e4c00000,0x00000000e5380000)
 ParOldGen       total 34816K, used 8199K [0x00000000a0000000, 0x00000000a2200000, 0x00000000e0000000)
  object space 34816K, 23% used [0x00000000a0000000,0x00000000a0801e90,0x00000000a2200000)
 Metaspace       used 27999K, capacity 28502K, committed 28800K, reserved 1075200K
  class space    used 3791K, capacity 3939K, committed 3968K, reserved 1048576K
Event: 8.124 GC heap after
Heap after GC invocations=11 (full 1):
 PSYoungGen      total 70656K, used 2656K [0x00000000e0000000, 0x00000000e5380000, 0x0000000100000000)
  eden space 62976K, 0% used [0x00000000e0000000,0x00000000e0000000,0x00000000e3d80000)
  from space 7680K, 34% used [0x00000000e4c00000,0x00000000e4e98000,0x00000000e5380000)
  to   space 7168K, 0% used [0x00000000e3d80000,0x00000000e3d80000,0x00000000e4480000)
 ParOldGen       total 34816K, used 10207K [0x00000000a0000000, 0x00000000a2200000, 0x00000000e0000000)
  object space 34816K, 29% used [0x00000000a0000000,0x00000000a09f7ec0,0x00000000a2200000)
 Metaspace       used 27999K, capacity 28502K, committed 28800K, reserved 1075200K
  class space    used 3791K, capacity 3939K, committed 3968K, reserved 1048576K
}

