# JRE version: OpenJDK Runtime Environment (8.0_76-b03) (build 1.8.0_76-release-b03)
# Java VM: OpenJDK 64-Bit Server VM (25.76-b03 mixed mode windows-amd64 compressed oops)
Heap:
 PSYoungGen      total 54272K, used 46680K [0x00000000e0000000, 0x00000000e4b80000, 0x0000000100000000)
  eden space 49664K, 85% used [0x00000000e0000000,0x00000000e2958920,0x00000000e3080000)
  from space 4608K, 94% used [0x00000000e4700000,0x00000000e4b3d940,0x00000000e4b80000)
  to   space 7168K, 0% used [0x00000000e3d80000,0x00000000e3d80000,0x00000000e4480000)
 ParOldGen       total 36352K, used 8270K [0x00000000a0000000, 0x00000000a2380000, 0x00000000e0000000)
  object space 36352K, 22% used [0x00000000a0000000,0x00000000a08138c0,0x00000000a2380000)
 Metaspace       used 26879K, capacity 27352K, committed 27696K, reserved 1073152K
  class space    used 3686K, capacity 3838K, committed 3888K, reserved 1048576K
GC Heap History (10 events):
Event: 2.640 GC heap before
{Heap before GC invocations=5 (full 0):
 PSYoungGen      total 18944K, used 18928K [0x00000000e0000000, 0x00000000e2500000, 0x0000000100000000)
  eden space 16384K, 100% used [0x00000000e0000000,0x00000000e1000000,0x00000000e1000000)
  from space 2560K, 99% used [0x00000000e1280000,0x00000000e14fc010,0x00000000e1500000)
  to   space 2560K, 0% used [0x00000000e1000000,0x00000000e1000000,0x00000000e1280000)
 ParOldGen       total 44032K, used 4332K [0x00000000a0000000, 0x00000000a2b00000, 0x00000000e0000000)
  object space 44032K, 9% used [0x00000000a0000000,0x00000000a043b298,0x00000000a2b00000)
 Metaspace       used 16956K, capacity 17306K, committed 17536K, reserved 1064960K
  class space    used 2213K, capacity 2361K, committed 2432K, reserved 1048576K
Event: 2.653 GC heap after
Heap after GC invocations=5 (full 0):
 PSYoungGen      total 18944K, used 2560K [0x00000000e0000000, 0x00000000e2e00000, 0x0000000100000000)
  eden space 16384K, 0% used [0x00000000e0000000,0x00000000e0000000,0x00000000e1000000)
  from space 2560K, 100% used [0x00000000e1000000,0x00000000e1280000,0x00000000e1280000)
  to   space 7168K, 0% used [0x00000000e2700000,0x00000000e2700000,0x00000000e2e00000)
 ParOldGen       total 44032K, used 8318K [0x00000000a0000000, 0x00000000a2b00000, 0x00000000e0000000)
  object space 44032K, 18% used [0x00000000a0000000,0x00000000a081f8c0,0x00000000a2b00000)
 Metaspace       used 16956K, capacity 17306K, committed 17536K, reserved 1064960K
  class space    used 2213K, capacity 2361K, committed 2432K, reserved 1048576K
}
Event: 3.393 GC heap before
{Heap before GC invocations=6 (full 0):
 PSYoungGen      total 18944K, used 18944K [0x00000000e0000000, 0x00000000e2e00000, 0x0000000100000000)
  eden space 16384K, 100% used [0x00000000e0000000,0x00000000e1000000,0x00000000e1000000)
  from space 2560K, 100% used [0x00000000e1000000,0x00000000e1280000,0x00000000e1280000)
  to   space 7168K, 0% used [0x00000000e2700000,0x00000000e2700000,0x00000000e2e00000)
 ParOldGen       total 44032K, used 8318K [0x00000000a0000000, 0x00000000a2b00000, 0x00000000e0000000)
  object space 44032K, 18% used [0x00000000a0000000,0x00000000a081f8c0,0x00000000a2b00000)
 Metaspace       used 18765K, capacity 19134K, committed 19328K, reserved 1067008K
  class space    used 2496K, capacity 2625K, committed 2688K, reserved 1048576K
Event: 3.411 GC heap after
Heap after GC invocations=6 (full 0):
 PSYoungGen      total 39936K, used 4691K [0x00000000e0000000, 0x00000000e2e00000, 0x0000000100000000)
  eden space 32768K, 0% used [0x00000000e0000000,0x00000000e0000000,0x00000000e2000000)
  from space 7168K, 65% used [0x00000000e2700000,0x00000000e2b94ff0,0x00000000e2e00000)
  to   space 7168K, 0% used [0x00000000e2000000,0x00000000e2000000,0x00000000e2700000)
 ParOldGen       total 44032K, used 8326K [0x00000000a0000000, 0x00000000a2b00000, 0x00000000e0000000)
  object space 44032K, 18% used [0x00000000a0000000,0x00000000a08218c0,0x00000000a2b00000)
 Metaspace       used 18765K, capacity 19134K, committed 19328K, reserved 1067008K
  class space    used 2496K, capacity 2625K, committed 2688K, reserved 1048576K
}
Event: 3.903 GC heap before
{Heap before GC invocations=7 (full 0):
 PSYoungGen      total 39936K, used 25402K [0x00000000e0000000, 0x00000000e2e00000, 0x0000000100000000)
  eden space 32768K, 63% used [0x00000000e0000000,0x00000000e14398f0,0x00000000e2000000)
  from space 7168K, 65% used [0x00000000e2700000,0x00000000e2b94ff0,0x00000000e2e00000)
  to   space 7168K, 0% used [0x00000000e2000000,0x00000000e2000000,0x00000000e2700000)
 ParOldGen       total 44032K, used 8326K [0x00000000a0000000, 0x00000000a2b00000, 0x00000000e0000000)
  object space 44032K, 18% used [0x00000000a0000000,0x00000000a08218c0,0x00000000a2b00000)
 Metaspace       used 20795K, capacity 21186K, committed 21296K, reserved 1067008K
  class space    used 2710K, capacity 2856K, committed 2864K, reserved 1048576K
Event: 3.916 GC heap after
Heap after GC invocations=7 (full 0):
 PSYoungGen      total 39936K, used 5140K [0x00000000e0000000, 0x00000000e4e00000, 0x0000000100000000)
  eden space 32768K, 0% used [0x00000000e0000000,0x00000000e0000000,0x00000000e2000000)
  from space 7168K, 71% used [0x00000000e2000000,0x00000000e2505368,0x00000000e2700000)
  to   space 7168K, 0% used [0x00000000e4700000,0x00000000e4700000,0x00000000e4e00000)
 ParOldGen       total 44032K, used 8790K [0x00000000a0000000, 0x00000000a2b00000, 0x00000000e0000000)
  object space 44032K, 19% used [0x00000000a0000000,0x00000000a0895900,0x00000000a2b00000)
 Metaspace       used 20795K, capacity 21186K, committed 21296K, reserved 1067008K
  class space    used 2710K, capacity 2856K, committed 2864K, reserved 1048576K
}
Event: 3.916 GC heap before
{Heap before GC invocations=8 (full 1):
 PSYoungGen      total 39936K, used 5140K [0x00000000e0000000, 0x00000000e4e00000, 0x0000000100000000)
  eden space 32768K, 0% used [0x00000000e0000000,0x00000000e0000000,0x00000000e2000000)
  from space 7168K, 71% used [0x00000000e2000000,0x00000000e2505368,0x00000000e2700000)
  to   space 7168K, 0% used [0x00000000e4700000,0x00000000e4700000,0x00000000e4e00000)
 ParOldGen       total 44032K, used 8790K [0x00000000a0000000, 0x00000000a2b00000, 0x00000000e0000000)
  object space 44032K, 19% used [0x00000000a0000000,0x00000000a0895900,0x00000000a2b00000)
 Metaspace       used 20795K, capacity 21186K, committed 21296K, reserved 1067008K
  class space    used 2710K, capacity 2856K, committed 2864K, reserved 1048576K
Event: 3.986 GC heap after
Heap after GC invocations=8 (full 1):
 PSYoungGen      total 39936K, used 0K [0x00000000e0000000, 0x00000000e4e00000, 0x0000000100000000)
  eden space 32768K, 0% used [0x00000000e0000000,0x00000000e0000000,0x00000000e2000000)
  from space 7168K, 0% used [0x00000000e2000000,0x00000000e2000000,0x00000000e2700000)
  to   space 7168K, 0% used [0x00000000e4700000,0x00000000e4700000,0x00000000e4e00000)
 ParOldGen       total 36352K, used 8262K [0x00000000a0000000, 0x00000000a2380000, 0x00000000e0000000)
  object space 36352K, 22% used [0x00000000a0000000,0x00000000a08118c0,0x00000000a2380000)
 Metaspace       used 20795K, capacity 21186K, committed 21296K, reserved 1067008K
  class space    used 2710K, capacity 2856K, committed 2864K, reserved 1048576K
}
Event: 4.876 GC heap before
{Heap before GC invocations=9 (full 1):
 PSYoungGen      total 39936K, used 32768K [0x00000000e0000000, 0x00000000e4e00000, 0x0000000100000000)
  eden space 32768K, 100% used [0x00000000e0000000,0x00000000e2000000,0x00000000e2000000)
  from space 7168K, 0% used [0x00000000e2000000,0x00000000e2000000,0x00000000e2700000)
  to   space 7168K, 0% used [0x00000000e4700000,0x00000000e4700000,0x00000000e4e00000)
 ParOldGen       total 36352K, used 8262K [0x00000000a0000000, 0x00000000a2380000, 0x00000000e0000000)
  object space 36352K, 22% used [0x00000000a0000000,0x00000000a08118c0,0x00000000a2380000)
 Metaspace       used 23441K, capacity 23916K, committed 24112K, reserved 1071104K
  class space    used 3149K, capacity 3292K, committed 3376K, reserved 1048576K
Event: 4.888 GC heap after
Heap after GC invocations=9 (full 1):
 PSYoungGen      total 54272K, used 4342K [0x00000000e0000000, 0x00000000e4b80000, 0x0000000100000000)
  eden space 49664K, 0% used [0x00000000e0000000,0x00000000e0000000,0x00000000e3080000)
  from space 4608K, 94% used [0x00000000e4700000,0x00000000e4b3d940,0x00000000e4b80000)
  to   space 7168K, 0% used [0x00000000e3d80000,0x00000000e3d80000,0x00000000e4480000)
 ParOldGen       total 36352K, used 8270K [0x00000000a0000000, 0x00000000a2380000, 0x00000000e0000000)
  object space 36352K, 22% used [0x00000000a0000000,0x00000000a08138c0,0x00000000a2380000)
 Metaspace       used 23441K, capacity 23916K, committed 24112K, reserved 1071104K
  class space    used 3149K, capacity 3292K, committed 3376K, reserved 1048576K
}

