# JRE version: OpenJDK Runtime Environment (8.0_76-b03) (build 1.8.0_76-release-b03)
# Java VM: OpenJDK 64-Bit Server VM (25.76-b03 mixed mode windows-amd64 compressed oops)
Heap:
 PSYoungGen      total 71680K, used 31868K [0x00000000e0000000, 0x00000000e4e80000, 0x0000000100000000)
  eden space 64000K, 42% used [0x00000000e0000000,0x00000000e1adf020,0x00000000e3e80000)
  from space 7680K, 56% used [0x00000000e4700000,0x00000000e4b40020,0x00000000e4e80000)
  to   space 6656K, 0% used [0x00000000e3e80000,0x00000000e3e80000,0x00000000e4500000)
 ParOldGen       total 36352K, used 8120K [0x00000000a0000000, 0x00000000a2380000, 0x00000000e0000000)
  object space 36352K, 22% used [0x00000000a0000000,0x00000000a07ee328,0x00000000a2380000)
 Metaspace       used 30061K, capacity 30536K, committed 30848K, reserved 1075200K
  class space    used 4059K, capacity 4217K, committed 4224K, reserved 1048576K
GC Heap History (10 events):
Event: 3.852 GC heap before
{Heap before GC invocations=7 (full 0):
 PSYoungGen      total 39936K, used 24278K [0x00000000e0000000, 0x00000000e2e00000, 0x0000000100000000)
  eden space 32768K, 59% used [0x00000000e0000000,0x00000000e13218a8,0x00000000e2000000)
  from space 7168K, 65% used [0x00000000e2700000,0x00000000e2b94010,0x00000000e2e00000)
  to   space 7168K, 0% used [0x00000000e2000000,0x00000000e2000000,0x00000000e2700000)
 ParOldGen       total 44032K, used 8237K [0x00000000a0000000, 0x00000000a2b00000, 0x00000000e0000000)
  object space 44032K, 18% used [0x00000000a0000000,0x00000000a080b640,0x00000000a2b00000)
 Metaspace       used 20707K, capacity 21096K, committed 21296K, reserved 1067008K
  class space    used 2695K, capacity 2825K, committed 2944K, reserved 1048576K
Event: 3.865 GC heap after
Heap after GC invocations=7 (full 0):
 PSYoungGen      total 39936K, used 4946K [0x00000000e0000000, 0x00000000e4e00000, 0x0000000100000000)
  eden space 32768K, 0% used [0x00000000e0000000,0x00000000e0000000,0x00000000e2000000)
  from space 7168K, 69% used [0x00000000e2000000,0x00000000e24d4be0,0x00000000e2700000)
  to   space 7168K, 0% used [0x00000000e4700000,0x00000000e4700000,0x00000000e4e00000)
 ParOldGen       total 44032K, used 8725K [0x00000000a0000000, 0x00000000a2b00000, 0x00000000e0000000)
  object space 44032K, 19% used [0x00000000a0000000,0x00000000a0885680,0x00000000a2b00000)
 Metaspace       used 20707K, capacity 21096K, committed 21296K, reserved 1067008K
  class space    used 2695K, capacity 2825K, committed 2944K, reserved 1048576K
}
Event: 3.865 GC heap before
{Heap before GC invocations=8 (full 1):
 PSYoungGen      total 39936K, used 4946K [0x00000000e0000000, 0x00000000e4e00000, 0x0000000100000000)
  eden space 32768K, 0% used [0x00000000e0000000,0x00000000e0000000,0x00000000e2000000)
  from space 7168K, 69% used [0x00000000e2000000,0x00000000e24d4be0,0x00000000e2700000)
  to   space 7168K, 0% used [0x00000000e4700000,0x00000000e4700000,0x00000000e4e00000)
 ParOldGen       total 44032K, used 8725K [0x00000000a0000000, 0x00000000a2b00000, 0x00000000e0000000)
  object space 44032K, 19% used [0x00000000a0000000,0x00000000a0885680,0x00000000a2b00000)
 Metaspace       used 20707K, capacity 21096K, committed 21296K, reserved 1067008K
  class space    used 2695K, capacity 2825K, committed 2944K, reserved 1048576K
Event: 3.927 GC heap after
Heap after GC invocations=8 (full 1):
 PSYoungGen      total 39936K, used 0K [0x00000000e0000000, 0x00000000e4e00000, 0x0000000100000000)
  eden space 32768K, 0% used [0x00000000e0000000,0x00000000e0000000,0x00000000e2000000)
  from space 7168K, 0% used [0x00000000e2000000,0x00000000e2000000,0x00000000e2700000)
  to   space 7168K, 0% used [0x00000000e4700000,0x00000000e4700000,0x00000000e4e00000)
 ParOldGen       total 36352K, used 8104K [0x00000000a0000000, 0x00000000a2380000, 0x00000000e0000000)
  object space 36352K, 22% used [0x00000000a0000000,0x00000000a07ea328,0x00000000a2380000)
 Metaspace       used 20707K, capacity 21096K, committed 21296K, reserved 1067008K
  class space    used 2695K, capacity 2825K, committed 2944K, reserved 1048576K
}
Event: 4.919 GC heap before
{Heap before GC invocations=9 (full 1):
 PSYoungGen      total 39936K, used 32768K [0x00000000e0000000, 0x00000000e4e00000, 0x0000000100000000)
  eden space 32768K, 100% used [0x00000000e0000000,0x00000000e2000000,0x00000000e2000000)
  from space 7168K, 0% used [0x00000000e2000000,0x00000000e2000000,0x00000000e2700000)
  to   space 7168K, 0% used [0x00000000e4700000,0x00000000e4700000,0x00000000e4e00000)
 ParOldGen       total 36352K, used 8104K [0x00000000a0000000, 0x00000000a2380000, 0x00000000e0000000)
  object space 36352K, 22% used [0x00000000a0000000,0x00000000a07ea328,0x00000000a2380000)
 Metaspace       used 23364K, capacity 23912K, committed 24064K, reserved 1071104K
  class space    used 3139K, capacity 3291K, committed 3328K, reserved 1048576K
Event: 4.931 GC heap after
Heap after GC invocations=9 (full 1):
 PSYoungGen      total 54272K, used 4357K [0x00000000e0000000, 0x00000000e4b80000, 0x0000000100000000)
  eden space 49664K, 0% used [0x00000000e0000000,0x00000000e0000000,0x00000000e3080000)
  from space 4608K, 94% used [0x00000000e4700000,0x00000000e4b41718,0x00000000e4b80000)
  to   space 6656K, 0% used [0x00000000e3e80000,0x00000000e3e80000,0x00000000e4500000)
 ParOldGen       total 36352K, used 8112K [0x00000000a0000000, 0x00000000a2380000, 0x00000000e0000000)
  object space 36352K, 22% used [0x00000000a0000000,0x00000000a07ec328,0x00000000a2380000)
 Metaspace       used 23364K, capacity 23912K, committed 24064K, reserved 1071104K
  class space    used 3139K, capacity 3291K, committed 3328K, reserved 1048576K
}
Event: 5.990 GC heap before
{Heap before GC invocations=10 (full 1):
 PSYoungGen      total 54272K, used 54021K [0x00000000e0000000, 0x00000000e4b80000, 0x0000000100000000)
  eden space 49664K, 100% used [0x00000000e0000000,0x00000000e3080000,0x00000000e3080000)
  from space 4608K, 94% used [0x00000000e4700000,0x00000000e4b41718,0x00000000e4b80000)
  to   space 6656K, 0% used [0x00000000e3e80000,0x00000000e3e80000,0x00000000e4500000)
 ParOldGen       total 36352K, used 8112K [0x00000000a0000000, 0x00000000a2380000, 0x00000000e0000000)
  object space 36352K, 22% used [0x00000000a0000000,0x00000000a07ec328,0x00000000a2380000)
 Metaspace       used 27478K, capacity 27966K, committed 28288K, reserved 1073152K
  class space    used 3779K, capacity 3935K, committed 3968K, reserved 1048576K
Event: 6.005 GC heap after
Heap after GC invocations=10 (full 1):
 PSYoungGen      total 70656K, used 6637K [0x00000000e0000000, 0x00000000e4e80000, 0x0000000100000000)
  eden space 64000K, 0% used [0x00000000e0000000,0x00000000e0000000,0x00000000e3e80000)
  from space 6656K, 99% used [0x00000000e3e80000,0x00000000e44fb560,0x00000000e4500000)
  to   space 7680K, 0% used [0x00000000e4700000,0x00000000e4700000,0x00000000e4e80000)
 ParOldGen       total 36352K, used 8112K [0x00000000a0000000, 0x00000000a2380000, 0x00000000e0000000)
  object space 36352K, 22% used [0x00000000a0000000,0x00000000a07ec328,0x00000000a2380000)
 Metaspace       used 27478K, capacity 27966K, committed 28288K, reserved 1073152K
  class space    used 3779K, capacity 3935K, committed 3968K, reserved 1048576K
}
Event: 8.018 GC heap before
{Heap before GC invocations=11 (full 1):
 PSYoungGen      total 70656K, used 70637K [0x00000000e0000000, 0x00000000e4e80000, 0x0000000100000000)
  eden space 64000K, 100% used [0x00000000e0000000,0x00000000e3e80000,0x00000000e3e80000)
  from space 6656K, 99% used [0x00000000e3e80000,0x00000000e44fb560,0x00000000e4500000)
  to   space 7680K, 0% used [0x00000000e4700000,0x00000000e4700000,0x00000000e4e80000)
 ParOldGen       total 36352K, used 8112K [0x00000000a0000000, 0x00000000a2380000, 0x00000000e0000000)
  object space 36352K, 22% used [0x00000000a0000000,0x00000000a07ec328,0x00000000a2380000)
 Metaspace       used 27984K, capacity 28438K, committed 28800K, reserved 1075200K
  class space    used 3791K, capacity 3939K, committed 3968K, reserved 1048576K
Event: 8.030 GC heap after
Heap after GC invocations=11 (full 1):
 PSYoungGen      total 71680K, used 4352K [0x00000000e0000000, 0x00000000e4e80000, 0x0000000100000000)
  eden space 64000K, 0% used [0x00000000e0000000,0x00000000e0000000,0x00000000e3e80000)
  from space 7680K, 56% used [0x00000000e4700000,0x00000000e4b40020,0x00000000e4e80000)
  to   space 6656K, 0% used [0x00000000e3e80000,0x00000000e3e80000,0x00000000e4500000)
 ParOldGen       total 36352K, used 8120K [0x00000000a0000000, 0x00000000a2380000, 0x00000000e0000000)
  object space 36352K, 22% used [0x00000000a0000000,0x00000000a07ee328,0x00000000a2380000)
 Metaspace       used 27984K, capacity 28438K, committed 28800K, reserved 1075200K
  class space    used 3791K, capacity 3939K, committed 3968K, reserved 1048576K
}

