# JRE version: OpenJDK Runtime Environment (8.0_76-b03) (build 1.8.0_76-release-b03)
# Java VM: OpenJDK 64-Bit Server VM (25.76-b03 mixed mode windows-amd64 compressed oops)
Heap:
 PSYoungGen      total 70656K, used 52150K [0x00000000e0000000, 0x00000000e4d00000, 0x0000000100000000)
  eden space 63488K, 71% used [0x00000000e0000000,0x00000000e2c6f7a8,0x00000000e3e00000)
  from space 7168K, 92% used [0x00000000e3e00000,0x00000000e447e3d0,0x00000000e4500000)
  to   space 7680K, 0% used [0x00000000e4580000,0x00000000e4580000,0x00000000e4d00000)
 ParOldGen       total 37376K, used 8703K [0x00000000a0000000, 0x00000000a2480000, 0x00000000e0000000)
  object space 37376K, 23% used [0x00000000a0000000,0x00000000a087fdd0,0x00000000a2480000)
 Metaspace       used 28306K, capacity 28918K, committed 29232K, reserved 1075200K
  class space    used 3868K, capacity 4041K, committed 4144K, reserved 1048576K
GC Heap History (10 events):
Event: 4.680 GC heap before
{Heap before GC invocations=6 (full 0):
 PSYoungGen      total 18944K, used 18928K [0x00000000e0000000, 0x00000000e2e00000, 0x0000000100000000)
  eden space 16384K, 100% used [0x00000000e0000000,0x00000000e1000000,0x00000000e1000000)
  from space 2560K, 99% used [0x00000000e1000000,0x00000000e127c010,0x00000000e1280000)
  to   space 7168K, 0% used [0x00000000e2700000,0x00000000e2700000,0x00000000e2e00000)
 ParOldGen       total 44032K, used 8233K [0x00000000a0000000, 0x00000000a2b00000, 0x00000000e0000000)
  object space 44032K, 18% used [0x00000000a0000000,0x00000000a080a6a8,0x00000000a2b00000)
 Metaspace       used 18904K, capacity 19254K, committed 19328K, reserved 1067008K
  class space    used 2525K, capacity 2674K, committed 2688K, reserved 1048576K
Event: 4.693 GC heap after
Heap after GC invocations=6 (full 0):
 PSYoungGen      total 39936K, used 4771K [0x00000000e0000000, 0x00000000e2e00000, 0x0000000100000000)
  eden space 32768K, 0% used [0x00000000e0000000,0x00000000e0000000,0x00000000e2000000)
  from space 7168K, 66% used [0x00000000e2700000,0x00000000e2ba8fe0,0x00000000e2e00000)
  to   space 7168K, 0% used [0x00000000e2000000,0x00000000e2000000,0x00000000e2700000)
 ParOldGen       total 44032K, used 8233K [0x00000000a0000000, 0x00000000a2b00000, 0x00000000e0000000)
  object space 44032K, 18% used [0x00000000a0000000,0x00000000a080a6a8,0x00000000a2b00000)
 Metaspace       used 18904K, capacity 19254K, committed 19328K, reserved 1067008K
  class space    used 2525K, capacity 2674K, committed 2688K, reserved 1048576K
}
Event: 5.547 GC heap before
{Heap before GC invocations=7 (full 0):
 PSYoungGen      total 39936K, used 25321K [0x00000000e0000000, 0x00000000e2e00000, 0x0000000100000000)
  eden space 32768K, 62% used [0x00000000e0000000,0x00000000e14117d0,0x00000000e2000000)
  from space 7168K, 66% used [0x00000000e2700000,0x00000000e2ba8fe0,0x00000000e2e00000)
  to   space 7168K, 0% used [0x00000000e2000000,0x00000000e2000000,0x00000000e2700000)
 ParOldGen       total 44032K, used 8233K [0x00000000a0000000, 0x00000000a2b00000, 0x00000000e0000000)
  object space 44032K, 18% used [0x00000000a0000000,0x00000000a080a6a8,0x00000000a2b00000)
 Metaspace       used 20806K, capacity 21220K, committed 21296K, reserved 1067008K
  class space    used 2704K, capacity 2830K, committed 2864K, reserved 1048576K
Event: 5.563 GC heap after
Heap after GC invocations=7 (full 0):
 PSYoungGen      total 39936K, used 5417K [0x00000000e0000000, 0x00000000e4f00000, 0x0000000100000000)
  eden space 32768K, 0% used [0x00000000e0000000,0x00000000e0000000,0x00000000e2000000)
  from space 7168K, 75% used [0x00000000e2000000,0x00000000e254a778,0x00000000e2700000)
  to   space 7680K, 0% used [0x00000000e4780000,0x00000000e4780000,0x00000000e4f00000)
 ParOldGen       total 44032K, used 8753K [0x00000000a0000000, 0x00000000a2b00000, 0x00000000e0000000)
  object space 44032K, 19% used [0x00000000a0000000,0x00000000a088c6e8,0x00000000a2b00000)
 Metaspace       used 20806K, capacity 21220K, committed 21296K, reserved 1067008K
  class space    used 2704K, capacity 2830K, committed 2864K, reserved 1048576K
}
Event: 5.563 GC heap before
{Heap before GC invocations=8 (full 1):
 PSYoungGen      total 39936K, used 5417K [0x00000000e0000000, 0x00000000e4f00000, 0x0000000100000000)
  eden space 32768K, 0% used [0x00000000e0000000,0x00000000e0000000,0x00000000e2000000)
  from space 7168K, 75% used [0x00000000e2000000,0x00000000e254a778,0x00000000e2700000)
  to   space 7680K, 0% used [0x00000000e4780000,0x00000000e4780000,0x00000000e4f00000)
 ParOldGen       total 44032K, used 8753K [0x00000000a0000000, 0x00000000a2b00000, 0x00000000e0000000)
  object space 44032K, 19% used [0x00000000a0000000,0x00000000a088c6e8,0x00000000a2b00000)
 Metaspace       used 20806K, capacity 21220K, committed 21296K, reserved 1067008K
  class space    used 2704K, capacity 2830K, committed 2864K, reserved 1048576K
Event: 5.645 GC heap after
Heap after GC invocations=8 (full 1):
 PSYoungGen      total 39936K, used 0K [0x00000000e0000000, 0x00000000e4f00000, 0x0000000100000000)
  eden space 32768K, 0% used [0x00000000e0000000,0x00000000e0000000,0x00000000e2000000)
  from space 7168K, 0% used [0x00000000e2000000,0x00000000e2000000,0x00000000e2700000)
  to   space 7680K, 0% used [0x00000000e4780000,0x00000000e4780000,0x00000000e4f00000)
 ParOldGen       total 37376K, used 8687K [0x00000000a0000000, 0x00000000a2480000, 0x00000000e0000000)
  object space 37376K, 23% used [0x00000000a0000000,0x00000000a087bdd0,0x00000000a2480000)
 Metaspace       used 20806K, capacity 21220K, committed 21296K, reserved 1067008K
  class space    used 2704K, capacity 2830K, committed 2864K, reserved 1048576K
}
Event: 6.645 GC heap before
{Heap before GC invocations=9 (full 1):
 PSYoungGen      total 39936K, used 32768K [0x00000000e0000000, 0x00000000e4f00000, 0x0000000100000000)
  eden space 32768K, 100% used [0x00000000e0000000,0x00000000e2000000,0x00000000e2000000)
  from space 7168K, 0% used [0x00000000e2000000,0x00000000e2000000,0x00000000e2700000)
  to   space 7680K, 0% used [0x00000000e4780000,0x00000000e4780000,0x00000000e4f00000)
 ParOldGen       total 37376K, used 8687K [0x00000000a0000000, 0x00000000a2480000, 0x00000000e0000000)
  object space 37376K, 23% used [0x00000000a0000000,0x00000000a087bdd0,0x00000000a2480000)
 Metaspace       used 23500K, capacity 24104K, committed 24368K, reserved 1071104K
  class space    used 3139K, capacity 3321K, committed 3376K, reserved 1048576K
Event: 6.656 GC heap after
Heap after GC invocations=9 (full 1):
 PSYoungGen      total 53760K, used 4550K [0x00000000e0000000, 0x00000000e4c00000, 0x0000000100000000)
  eden space 49152K, 0% used [0x00000000e0000000,0x00000000e0000000,0x00000000e3000000)
  from space 4608K, 98% used [0x00000000e4780000,0x00000000e4bf1940,0x00000000e4c00000)
  to   space 7168K, 0% used [0x00000000e3e00000,0x00000000e3e00000,0x00000000e4500000)
 ParOldGen       total 37376K, used 8695K [0x00000000a0000000, 0x00000000a2480000, 0x00000000e0000000)
  object space 37376K, 23% used [0x00000000a0000000,0x00000000a087ddd0,0x00000000a2480000)
 Metaspace       used 23500K, capacity 24104K, committed 24368K, reserved 1071104K
  class space    used 3139K, capacity 3321K, committed 3376K, reserved 1048576K
}
Event: 7.505 GC heap before
{Heap before GC invocations=10 (full 1):
 PSYoungGen      total 53760K, used 53702K [0x00000000e0000000, 0x00000000e4c00000, 0x0000000100000000)
  eden space 49152K, 100% used [0x00000000e0000000,0x00000000e3000000,0x00000000e3000000)
  from space 4608K, 98% used [0x00000000e4780000,0x00000000e4bf1940,0x00000000e4c00000)
  to   space 7168K, 0% used [0x00000000e3e00000,0x00000000e3e00000,0x00000000e4500000)
 ParOldGen       total 37376K, used 8695K [0x00000000a0000000, 0x00000000a2480000, 0x00000000e0000000)
  object space 37376K, 23% used [0x00000000a0000000,0x00000000a087ddd0,0x00000000a2480000)
 Metaspace       used 27383K, capacity 27998K, committed 28080K, reserved 1073152K
  class space    used 3767K, capacity 3973K, committed 4016K, reserved 1048576K
Event: 7.514 GC heap after
Heap after GC invocations=10 (full 1):
 PSYoungGen      total 70656K, used 6648K [0x00000000e0000000, 0x00000000e4d00000, 0x0000000100000000)
  eden space 63488K, 0% used [0x00000000e0000000,0x00000000e0000000,0x00000000e3e00000)
  from space 7168K, 92% used [0x00000000e3e00000,0x00000000e447e3d0,0x00000000e4500000)
  to   space 7680K, 0% used [0x00000000e4580000,0x00000000e4580000,0x00000000e4d00000)
 ParOldGen       total 37376K, used 8703K [0x00000000a0000000, 0x00000000a2480000, 0x00000000e0000000)
  object space 37376K, 23% used [0x00000000a0000000,0x00000000a087fdd0,0x00000000a2480000)
 Metaspace       used 27383K, capacity 27998K, committed 28080K, reserved 1073152K
  class space    used 3767K, capacity 3973K, committed 4016K, reserved 1048576K
}

