# JRE version: OpenJDK Runtime Environment (8.0_76-b03) (build 1.8.0_76-release-b03)
# Java VM: OpenJDK 64-Bit Server VM (25.76-b03 mixed mode windows-amd64 compressed oops)
Heap:
 PSYoungGen      total 68608K, used 20973K [0x00000000e0000000, 0x00000000e4b00000, 0x0000000100000000)
  eden space 61440K, 34% used [0x00000000e0000000,0x00000000e147b7b0,0x00000000e3c00000)
  from space 7168K, 0% used [0x00000000e4400000,0x00000000e4400000,0x00000000e4b00000)
  to   space 6656K, 0% used [0x00000000e3d80000,0x00000000e3d80000,0x00000000e4400000)
 ParOldGen       total 37888K, used 15700K [0x00000000a0000000, 0x00000000a2500000, 0x00000000e0000000)
  object space 37888K, 41% used [0x00000000a0000000,0x00000000a0f55350,0x00000000a2500000)
 Metaspace       used 35946K, capacity 36782K, committed 37168K, reserved 1081344K
  class space    used 4827K, capacity 5064K, committed 5168K, reserved 1048576K
GC Heap History (10 events):
Event: 6.296 GC heap before
{Heap before GC invocations=10 (full 1):
 PSYoungGen      total 52736K, used 52655K [0x00000000e0000000, 0x00000000e4b80000, 0x0000000100000000)
  eden space 48128K, 100% used [0x00000000e0000000,0x00000000e2f00000,0x00000000e2f00000)
  from space 4608K, 98% used [0x00000000e4700000,0x00000000e4b6bd00,0x00000000e4b80000)
  to   space 7168K, 0% used [0x00000000e3d80000,0x00000000e3d80000,0x00000000e4480000)
 ParOldGen       total 37888K, used 8637K [0x00000000a0000000, 0x00000000a2500000, 0x00000000e0000000)
  object space 37888K, 22% used [0x00000000a0000000,0x00000000a086f770,0x00000000a2500000)
 Metaspace       used 27313K, capacity 27878K, committed 28080K, reserved 1073152K
  class space    used 3756K, capacity 3911K, committed 4016K, reserved 1048576K
Event: 6.304 GC heap after
Heap after GC invocations=10 (full 1):
 PSYoungGen      total 68096K, used 6488K [0x00000000e0000000, 0x00000000e4b00000, 0x0000000100000000)
  eden space 61440K, 0% used [0x00000000e0000000,0x00000000e0000000,0x00000000e3c00000)
  from space 6656K, 97% used [0x00000000e3d80000,0x00000000e43d63d0,0x00000000e4400000)
  to   space 7168K, 0% used [0x00000000e4400000,0x00000000e4400000,0x00000000e4b00000)
 ParOldGen       total 37888K, used 8645K [0x00000000a0000000, 0x00000000a2500000, 0x00000000e0000000)
  object space 37888K, 22% used [0x00000000a0000000,0x00000000a0871770,0x00000000a2500000)
 Metaspace       used 27313K, capacity 27878K, committed 28080K, reserved 1073152K
  class space    used 3756K, capacity 3911K, committed 4016K, reserved 1048576K
}
Event: 7.974 GC heap before
{Heap before GC invocations=11 (full 1):
 PSYoungGen      total 68096K, used 67928K [0x00000000e0000000, 0x00000000e4b00000, 0x0000000100000000)
  eden space 61440K, 100% used [0x00000000e0000000,0x00000000e3c00000,0x00000000e3c00000)
  from space 6656K, 97% used [0x00000000e3d80000,0x00000000e43d63d0,0x00000000e4400000)
  to   space 7168K, 0% used [0x00000000e4400000,0x00000000e4400000,0x00000000e4b00000)
 ParOldGen       total 37888K, used 8645K [0x00000000a0000000, 0x00000000a2500000, 0x00000000e0000000)
  object space 37888K, 22% used [0x00000000a0000000,0x00000000a0871770,0x00000000a2500000)
 Metaspace       used 28419K, capacity 29022K, committed 29104K, reserved 1075200K
  class space    used 3866K, capacity 4011K, committed 4016K, reserved 1048576K
Event: 7.981 GC heap after
Heap after GC invocations=11 (full 1):
 PSYoungGen      total 68608K, used 5019K [0x00000000e0000000, 0x00000000e4b00000, 0x0000000100000000)
  eden space 61440K, 0% used [0x00000000e0000000,0x00000000e0000000,0x00000000e3c00000)
  from space 7168K, 70% used [0x00000000e4400000,0x00000000e48e6fb8,0x00000000e4b00000)
  to   space 6656K, 0% used [0x00000000e3d80000,0x00000000e3d80000,0x00000000e4400000)
 ParOldGen       total 37888K, used 8653K [0x00000000a0000000, 0x00000000a2500000, 0x00000000e0000000)
  object space 37888K, 22% used [0x00000000a0000000,0x00000000a0873770,0x00000000a2500000)
 Metaspace       used 28419K, capacity 29022K, committed 29104K, reserved 1075200K
  class space    used 3866K, capacity 4011K, committed 4016K, reserved 1048576K
}
Event: 9.413 GC heap before
{Heap before GC invocations=12 (full 1):
 PSYoungGen      total 68608K, used 66459K [0x00000000e0000000, 0x00000000e4b00000, 0x0000000100000000)
  eden space 61440K, 100% used [0x00000000e0000000,0x00000000e3c00000,0x00000000e3c00000)
  from space 7168K, 70% used [0x00000000e4400000,0x00000000e48e6fb8,0x00000000e4b00000)
  to   space 6656K, 0% used [0x00000000e3d80000,0x00000000e3d80000,0x00000000e4400000)
 ParOldGen       total 37888K, used 8653K [0x00000000a0000000, 0x00000000a2500000, 0x00000000e0000000)
  object space 37888K, 22% used [0x00000000a0000000,0x00000000a0873770,0x00000000a2500000)
 Metaspace       used 33078K, capacity 33808K, committed 34096K, reserved 1079296K
  class space    used 4460K, capacity 4633K, committed 4656K, reserved 1048576K
Event: 9.424 GC heap after
Heap after GC invocations=12 (full 1):
 PSYoungGen      total 68096K, used 6651K [0x00000000e0000000, 0x00000000e4b00000, 0x0000000100000000)
  eden space 61440K, 0% used [0x00000000e0000000,0x00000000e0000000,0x00000000e3c00000)
  from space 6656K, 99% used [0x00000000e3d80000,0x00000000e43fec10,0x00000000e4400000)
  to   space 7168K, 0% used [0x00000000e4400000,0x00000000e4400000,0x00000000e4b00000)
 ParOldGen       total 37888K, used 11216K [0x00000000a0000000, 0x00000000a2500000, 0x00000000e0000000)
  object space 37888K, 29% used [0x00000000a0000000,0x00000000a0af40d0,0x00000000a2500000)
 Metaspace       used 33078K, capacity 33808K, committed 34096K, reserved 1079296K
  class space    used 4460K, capacity 4633K, committed 4656K, reserved 1048576K
}
Event: 9.883 GC heap before
{Heap before GC invocations=13 (full 1):
 PSYoungGen      total 68096K, used 41497K [0x00000000e0000000, 0x00000000e4b00000, 0x0000000100000000)
  eden space 61440K, 56% used [0x00000000e0000000,0x00000000e2207af8,0x00000000e3c00000)
  from space 6656K, 99% used [0x00000000e3d80000,0x00000000e43fec10,0x00000000e4400000)
  to   space 7168K, 0% used [0x00000000e4400000,0x00000000e4400000,0x00000000e4b00000)
 ParOldGen       total 37888K, used 11216K [0x00000000a0000000, 0x00000000a2500000, 0x00000000e0000000)
  object space 37888K, 29% used [0x00000000a0000000,0x00000000a0af40d0,0x00000000a2500000)
 Metaspace       used 34629K, capacity 35316K, committed 35496K, reserved 1079296K
  class space    used 4656K, capacity 4831K, committed 4912K, reserved 1048576K
Event: 9.905 GC heap after
Heap after GC invocations=13 (full 1):
 PSYoungGen      total 68608K, used 7137K [0x00000000e0000000, 0x00000000e4b00000, 0x0000000100000000)
  eden space 61440K, 0% used [0x00000000e0000000,0x00000000e0000000,0x00000000e3c00000)
  from space 7168K, 99% used [0x00000000e4400000,0x00000000e4af87a0,0x00000000e4b00000)
  to   space 6656K, 0% used [0x00000000e3d80000,0x00000000e3d80000,0x00000000e4400000)
 ParOldGen       total 37888K, used 12042K [0x00000000a0000000, 0x00000000a2500000, 0x00000000e0000000)
  object space 37888K, 31% used [0x00000000a0000000,0x00000000a0bc2b38,0x00000000a2500000)
 Metaspace       used 34629K, capacity 35316K, committed 35496K, reserved 1079296K
  class space    used 4656K, capacity 4831K, committed 4912K, reserved 1048576K
}
Event: 9.905 GC heap before
{Heap before GC invocations=14 (full 2):
 PSYoungGen      total 68608K, used 7137K [0x00000000e0000000, 0x00000000e4b00000, 0x0000000100000000)
  eden space 61440K, 0% used [0x00000000e0000000,0x00000000e0000000,0x00000000e3c00000)
  from space 7168K, 99% used [0x00000000e4400000,0x00000000e4af87a0,0x00000000e4b00000)
  to   space 6656K, 0% used [0x00000000e3d80000,0x00000000e3d80000,0x00000000e4400000)
 ParOldGen       total 37888K, used 12042K [0x00000000a0000000, 0x00000000a2500000, 0x00000000e0000000)
  object space 37888K, 31% used [0x00000000a0000000,0x00000000a0bc2b38,0x00000000a2500000)
 Metaspace       used 34629K, capacity 35316K, committed 35496K, reserved 1079296K
  class space    used 4656K, capacity 4831K, committed 4912K, reserved 1048576K
Event: 10.002 GC heap after
Heap after GC invocations=14 (full 2):
 PSYoungGen      total 68608K, used 0K [0x00000000e0000000, 0x00000000e4b00000, 0x0000000100000000)
  eden space 61440K, 0% used [0x00000000e0000000,0x00000000e0000000,0x00000000e3c00000)
  from space 7168K, 0% used [0x00000000e4400000,0x00000000e4400000,0x00000000e4b00000)
  to   space 6656K, 0% used [0x00000000e3d80000,0x00000000e3d80000,0x00000000e4400000)
 ParOldGen       total 37888K, used 15700K [0x00000000a0000000, 0x00000000a2500000, 0x00000000e0000000)
  object space 37888K, 41% used [0x00000000a0000000,0x00000000a0f55350,0x00000000a2500000)
 Metaspace       used 34629K, capacity 35316K, committed 35496K, reserved 1079296K
  class space    used 4656K, capacity 4831K, committed 4912K, reserved 1048576K
}

