# JRE version: OpenJDK Runtime Environment (8.0_76-b03) (build 1.8.0_76-release-b03)
# Java VM: OpenJDK 64-Bit Server VM (25.76-b03 mixed mode windows-amd64 compressed oops)
Heap:
 PSYoungGen      total 70656K, used 45450K [0x00000000e0000000, 0x00000000e5000000, 0x0000000100000000)
  eden space 62976K, 65% used [0x00000000e0000000,0x00000000e2832908,0x00000000e3d80000)
  from space 7680K, 55% used [0x00000000e4880000,0x00000000e4cb0010,0x00000000e5000000)
  to   space 7168K, 0% used [0x00000000e3d80000,0x00000000e3d80000,0x00000000e4480000)
 ParOldGen       total 37888K, used 10153K [0x00000000a0000000, 0x00000000a2500000, 0x00000000e0000000)
  object space 37888K, 26% used [0x00000000a0000000,0x00000000a09ea5b8,0x00000000a2500000)
 Metaspace       used 31992K, capacity 32570K, committed 32944K, reserved 1077248K
  class space    used 4306K, capacity 4454K, committed 4528K, reserved 1048576K
GC Heap History (10 events):
Event: 3.849 GC heap before
{Heap before GC invocations=7 (full 0):
 PSYoungGen      total 39936K, used 24960K [0x00000000e0000000, 0x00000000e2e00000, 0x0000000100000000)
  eden space 32768K, 61% used [0x00000000e0000000,0x00000000e13c5d60,0x00000000e2000000)
  from space 7168K, 65% used [0x00000000e2700000,0x00000000e2b9a3b8,0x00000000e2e00000)
  to   space 7168K, 0% used [0x00000000e2000000,0x00000000e2000000,0x00000000e2700000)
 ParOldGen       total 44032K, used 8228K [0x00000000a0000000, 0x00000000a2b00000, 0x00000000e0000000)
  object space 44032K, 18% used [0x00000000a0000000,0x00000000a0809158,0x00000000a2b00000)
 Metaspace       used 20774K, capacity 21156K, committed 21296K, reserved 1067008K
  class space    used 2710K, capacity 2851K, committed 2864K, reserved 1048576K
Event: 3.864 GC heap after
Heap after GC invocations=7 (full 0):
 PSYoungGen      total 39936K, used 5268K [0x00000000e0000000, 0x00000000e4e00000, 0x0000000100000000)
  eden space 32768K, 0% used [0x00000000e0000000,0x00000000e0000000,0x00000000e2000000)
  from space 7168K, 73% used [0x00000000e2000000,0x00000000e2525240,0x00000000e2700000)
  to   space 7168K, 0% used [0x00000000e4700000,0x00000000e4700000,0x00000000e4e00000)
 ParOldGen       total 44032K, used 8628K [0x00000000a0000000, 0x00000000a2b00000, 0x00000000e0000000)
  object space 44032K, 19% used [0x00000000a0000000,0x00000000a086d198,0x00000000a2b00000)
 Metaspace       used 20774K, capacity 21156K, committed 21296K, reserved 1067008K
  class space    used 2710K, capacity 2851K, committed 2864K, reserved 1048576K
}
Event: 3.864 GC heap before
{Heap before GC invocations=8 (full 1):
 PSYoungGen      total 39936K, used 5268K [0x00000000e0000000, 0x00000000e4e00000, 0x0000000100000000)
  eden space 32768K, 0% used [0x00000000e0000000,0x00000000e0000000,0x00000000e2000000)
  from space 7168K, 73% used [0x00000000e2000000,0x00000000e2525240,0x00000000e2700000)
  to   space 7168K, 0% used [0x00000000e4700000,0x00000000e4700000,0x00000000e4e00000)
 ParOldGen       total 44032K, used 8628K [0x00000000a0000000, 0x00000000a2b00000, 0x00000000e0000000)
  object space 44032K, 19% used [0x00000000a0000000,0x00000000a086d198,0x00000000a2b00000)
 Metaspace       used 20774K, capacity 21156K, committed 21296K, reserved 1067008K
  class space    used 2710K, capacity 2851K, committed 2864K, reserved 1048576K
Event: 3.922 GC heap after
Heap after GC invocations=8 (full 1):
 PSYoungGen      total 39936K, used 0K [0x00000000e0000000, 0x00000000e4e00000, 0x0000000100000000)
  eden space 32768K, 0% used [0x00000000e0000000,0x00000000e0000000,0x00000000e2000000)
  from space 7168K, 0% used [0x00000000e2000000,0x00000000e2000000,0x00000000e2700000)
  to   space 7168K, 0% used [0x00000000e4700000,0x00000000e4700000,0x00000000e4e00000)
 ParOldGen       total 37888K, used 10057K [0x00000000a0000000, 0x00000000a2500000, 0x00000000e0000000)
  object space 37888K, 26% used [0x00000000a0000000,0x00000000a09d2590,0x00000000a2500000)
 Metaspace       used 20774K, capacity 21156K, committed 21296K, reserved 1067008K
  class space    used 2710K, capacity 2851K, committed 2864K, reserved 1048576K
}
Event: 4.808 GC heap before
{Heap before GC invocations=9 (full 1):
 PSYoungGen      total 39936K, used 32768K [0x00000000e0000000, 0x00000000e4e00000, 0x0000000100000000)
  eden space 32768K, 100% used [0x00000000e0000000,0x00000000e2000000,0x00000000e2000000)
  from space 7168K, 0% used [0x00000000e2000000,0x00000000e2000000,0x00000000e2700000)
  to   space 7168K, 0% used [0x00000000e4700000,0x00000000e4700000,0x00000000e4e00000)
 ParOldGen       total 37888K, used 10057K [0x00000000a0000000, 0x00000000a2500000, 0x00000000e0000000)
  object space 37888K, 26% used [0x00000000a0000000,0x00000000a09d2590,0x00000000a2500000)
 Metaspace       used 23417K, capacity 23892K, committed 24112K, reserved 1071104K
  class space    used 3148K, capacity 3288K, committed 3376K, reserved 1048576K
Event: 4.818 GC heap after
Heap after GC invocations=9 (full 1):
 PSYoungGen      total 55296K, used 4409K [0x00000000e0000000, 0x00000000e4b80000, 0x0000000100000000)
  eden space 50688K, 0% used [0x00000000e0000000,0x00000000e0000000,0x00000000e3180000)
  from space 4608K, 95% used [0x00000000e4700000,0x00000000e4b4e5d8,0x00000000e4b80000)
  to   space 7168K, 0% used [0x00000000e3d80000,0x00000000e3d80000,0x00000000e4480000)
 ParOldGen       total 37888K, used 10065K [0x00000000a0000000, 0x00000000a2500000, 0x00000000e0000000)
  object space 37888K, 26% used [0x00000000a0000000,0x00000000a09d4590,0x00000000a2500000)
 Metaspace       used 23417K, capacity 23892K, committed 24112K, reserved 1071104K
  class space    used 3148K, capacity 3288K, committed 3376K, reserved 1048576K
}
Event: 5.942 GC heap before
{Heap before GC invocations=10 (full 1):
 PSYoungGen      total 55296K, used 55097K [0x00000000e0000000, 0x00000000e4b80000, 0x0000000100000000)
  eden space 50688K, 100% used [0x00000000e0000000,0x00000000e3180000,0x00000000e3180000)
  from space 4608K, 95% used [0x00000000e4700000,0x00000000e4b4e5d8,0x00000000e4b80000)
  to   space 7168K, 0% used [0x00000000e3d80000,0x00000000e3d80000,0x00000000e4480000)
 ParOldGen       total 37888K, used 10065K [0x00000000a0000000, 0x00000000a2500000, 0x00000000e0000000)
  object space 37888K, 26% used [0x00000000a0000000,0x00000000a09d4590,0x00000000a2500000)
 Metaspace       used 27527K, capacity 27994K, committed 28336K, reserved 1073152K
  class space    used 3774K, capacity 3929K, committed 4016K, reserved 1048576K
Event: 5.955 GC heap after
Heap after GC invocations=10 (full 1):
 PSYoungGen      total 70144K, used 6679K [0x00000000e0000000, 0x00000000e5000000, 0x0000000100000000)
  eden space 62976K, 0% used [0x00000000e0000000,0x00000000e0000000,0x00000000e3d80000)
  from space 7168K, 93% used [0x00000000e3d80000,0x00000000e4405e78,0x00000000e4480000)
  to   space 7680K, 0% used [0x00000000e4880000,0x00000000e4880000,0x00000000e5000000)
 ParOldGen       total 37888K, used 10145K [0x00000000a0000000, 0x00000000a2500000, 0x00000000e0000000)
  object space 37888K, 26% used [0x00000000a0000000,0x00000000a09e85b8,0x00000000a2500000)
 Metaspace       used 27527K, capacity 27994K, committed 28336K, reserved 1073152K
  class space    used 3774K, capacity 3929K, committed 4016K, reserved 1048576K
}
Event: 7.821 GC heap before
{Heap before GC invocations=11 (full 1):
 PSYoungGen      total 70144K, used 69655K [0x00000000e0000000, 0x00000000e5000000, 0x0000000100000000)
  eden space 62976K, 100% used [0x00000000e0000000,0x00000000e3d80000,0x00000000e3d80000)
  from space 7168K, 93% used [0x00000000e3d80000,0x00000000e4405e78,0x00000000e4480000)
  to   space 7680K, 0% used [0x00000000e4880000,0x00000000e4880000,0x00000000e5000000)
 ParOldGen       total 37888K, used 10145K [0x00000000a0000000, 0x00000000a2500000, 0x00000000e0000000)
  object space 37888K, 26% used [0x00000000a0000000,0x00000000a09e85b8,0x00000000a2500000)
 Metaspace       used 27956K, capacity 28402K, committed 28848K, reserved 1075200K
  class space    used 3785K, capacity 3933K, committed 4016K, reserved 1048576K
Event: 7.833 GC heap after
Heap after GC invocations=11 (full 1):
 PSYoungGen      total 70656K, used 4288K [0x00000000e0000000, 0x00000000e5000000, 0x0000000100000000)
  eden space 62976K, 0% used [0x00000000e0000000,0x00000000e0000000,0x00000000e3d80000)
  from space 7680K, 55% used [0x00000000e4880000,0x00000000e4cb0010,0x00000000e5000000)
  to   space 7168K, 0% used [0x00000000e3d80000,0x00000000e3d80000,0x00000000e4480000)
 ParOldGen       total 37888K, used 10153K [0x00000000a0000000, 0x00000000a2500000, 0x00000000e0000000)
  object space 37888K, 26% used [0x00000000a0000000,0x00000000a09ea5b8,0x00000000a2500000)
 Metaspace       used 27956K, capacity 28402K, committed 28848K, reserved 1075200K
  class space    used 3785K, capacity 3933K, committed 4016K, reserved 1048576K
}

