# JRE version: OpenJDK Runtime Environment (8.0_76-b03) (build 1.8.0_76-release-b03)
# Java VM: OpenJDK 64-Bit Server VM (25.76-b03 mixed mode windows-amd64 compressed oops)
Heap:
 PSYoungGen      total 94208K, used 36965K [0x00000000e0000000, 0x00000000e6780000, 0x0000000100000000)
  eden space 86016K, 42% used [0x00000000e0000000,0x00000000e2419528,0x00000000e5400000)
  from space 8192K, 0% used [0x00000000e5c80000,0x00000000e5c80000,0x00000000e6480000)
  to   space 8704K, 0% used [0x00000000e5400000,0x00000000e5400000,0x00000000e5c80000)
 ParOldGen       total 37888K, used 15555K [0x00000000a0000000, 0x00000000a2500000, 0x00000000e0000000)
  object space 37888K, 41% used [0x00000000a0000000,0x00000000a0f30e90,0x00000000a2500000)
 Metaspace       used 35988K, capacity 36692K, committed 36992K, reserved 1081344K
  class space    used 4820K, capacity 4992K, committed 4992K, reserved 1048576K
GC Heap History (10 events):
Event: 7.712 GC heap before
{Heap before GC invocations=10 (full 1):
 PSYoungGen      total 55296K, used 55045K [0x00000000e0000000, 0x00000000e4b80000, 0x0000000100000000)
  eden space 50688K, 100% used [0x00000000e0000000,0x00000000e3180000,0x00000000e3180000)
  from space 4608K, 94% used [0x00000000e4700000,0x00000000e4b417a0,0x00000000e4b80000)
  to   space 7168K, 0% used [0x00000000e3d80000,0x00000000e3d80000,0x00000000e4480000)
 ParOldGen       total 37888K, used 10016K [0x00000000a0000000, 0x00000000a2500000, 0x00000000e0000000)
  object space 37888K, 26% used [0x00000000a0000000,0x00000000a09c8148,0x00000000a2500000)
 Metaspace       used 27500K, capacity 27994K, committed 28288K, reserved 1073152K
  class space    used 3774K, capacity 3929K, committed 3968K, reserved 1048576K
Event: 7.730 GC heap after
Heap after GC invocations=10 (full 1):
 PSYoungGen      total 70144K, used 6689K [0x00000000e0000000, 0x00000000e5080000, 0x0000000100000000)
  eden space 62976K, 0% used [0x00000000e0000000,0x00000000e0000000,0x00000000e3d80000)
  from space 7168K, 93% used [0x00000000e3d80000,0x00000000e44086a0,0x00000000e4480000)
  to   space 7680K, 0% used [0x00000000e4900000,0x00000000e4900000,0x00000000e5080000)
 ParOldGen       total 37888K, used 10024K [0x00000000a0000000, 0x00000000a2500000, 0x00000000e0000000)
  object space 37888K, 26% used [0x00000000a0000000,0x00000000a09ca148,0x00000000a2500000)
 Metaspace       used 27500K, capacity 27994K, committed 28288K, reserved 1073152K
  class space    used 3774K, capacity 3929K, committed 3968K, reserved 1048576K
}
Event: 9.667 GC heap before
{Heap before GC invocations=11 (full 1):
 PSYoungGen      total 70144K, used 69665K [0x00000000e0000000, 0x00000000e5080000, 0x0000000100000000)
  eden space 62976K, 100% used [0x00000000e0000000,0x00000000e3d80000,0x00000000e3d80000)
  from space 7168K, 93% used [0x00000000e3d80000,0x00000000e44086a0,0x00000000e4480000)
  to   space 7680K, 0% used [0x00000000e4900000,0x00000000e4900000,0x00000000e5080000)
 ParOldGen       total 37888K, used 10024K [0x00000000a0000000, 0x00000000a2500000, 0x00000000e0000000)
  object space 37888K, 26% used [0x00000000a0000000,0x00000000a09ca148,0x00000000a2500000)
 Metaspace       used 27966K, capacity 28402K, committed 28800K, reserved 1075200K
  class space    used 3788K, capacity 3933K, committed 3968K, reserved 1048576K
Event: 9.683 GC heap after
Heap after GC invocations=11 (full 1):
 PSYoungGen      total 74752K, used 2400K [0x00000000e0000000, 0x00000000e5f00000, 0x0000000100000000)
  eden space 67072K, 0% used [0x00000000e0000000,0x00000000e0000000,0x00000000e4180000)
  from space 7680K, 31% used [0x00000000e4900000,0x00000000e4b58010,0x00000000e5080000)
  to   space 7680K, 0% used [0x00000000e4180000,0x00000000e4180000,0x00000000e4900000)
 ParOldGen       total 37888K, used 12024K [0x00000000a0000000, 0x00000000a2500000, 0x00000000e0000000)
  object space 37888K, 31% used [0x00000000a0000000,0x00000000a0bbe178,0x00000000a2500000)
 Metaspace       used 27966K, capacity 28402K, committed 28800K, reserved 1075200K
  class space    used 3788K, capacity 3933K, committed 3968K, reserved 1048576K
}
Event: 12.426 GC heap before
{Heap before GC invocations=12 (full 1):
 PSYoungGen      total 74752K, used 69472K [0x00000000e0000000, 0x00000000e5f00000, 0x0000000100000000)
  eden space 67072K, 100% used [0x00000000e0000000,0x00000000e4180000,0x00000000e4180000)
  from space 7680K, 31% used [0x00000000e4900000,0x00000000e4b58010,0x00000000e5080000)
  to   space 7680K, 0% used [0x00000000e4180000,0x00000000e4180000,0x00000000e4900000)
 ParOldGen       total 37888K, used 12024K [0x00000000a0000000, 0x00000000a2500000, 0x00000000e0000000)
  object space 37888K, 31% used [0x00000000a0000000,0x00000000a0bbe178,0x00000000a2500000)
 Metaspace       used 32915K, capacity 33444K, committed 33792K, reserved 1079296K
  class space    used 4410K, capacity 4555K, committed 4608K, reserved 1048576K
Event: 12.446 GC heap after
Heap after GC invocations=12 (full 1):
 PSYoungGen      total 74752K, used 6883K [0x00000000e0000000, 0x00000000e6480000, 0x0000000100000000)
  eden space 67072K, 0% used [0x00000000e0000000,0x00000000e0000000,0x00000000e4180000)
  from space 7680K, 89% used [0x00000000e4180000,0x00000000e4838fe0,0x00000000e4900000)
  to   space 8192K, 0% used [0x00000000e5c80000,0x00000000e5c80000,0x00000000e6480000)
 ParOldGen       total 37888K, used 12925K [0x00000000a0000000, 0x00000000a2500000, 0x00000000e0000000)
  object space 37888K, 34% used [0x00000000a0000000,0x00000000a0c9f5b0,0x00000000a2500000)
 Metaspace       used 32915K, capacity 33444K, committed 33792K, reserved 1079296K
  class space    used 4410K, capacity 4555K, committed 4608K, reserved 1048576K
}
Event: 12.946 GC heap before
{Heap before GC invocations=13 (full 1):
 PSYoungGen      total 74752K, used 31784K [0x00000000e0000000, 0x00000000e6480000, 0x0000000100000000)
  eden space 67072K, 37% used [0x00000000e0000000,0x00000000e1851268,0x00000000e4180000)
  from space 7680K, 89% used [0x00000000e4180000,0x00000000e4838fe0,0x00000000e4900000)
  to   space 8192K, 0% used [0x00000000e5c80000,0x00000000e5c80000,0x00000000e6480000)
 ParOldGen       total 37888K, used 12925K [0x00000000a0000000, 0x00000000a2500000, 0x00000000e0000000)
  object space 37888K, 34% used [0x00000000a0000000,0x00000000a0c9f5b0,0x00000000a2500000)
 Metaspace       used 34687K, capacity 35208K, committed 35496K, reserved 1079296K
  class space    used 4641K, capacity 4817K, committed 4864K, reserved 1048576K
Event: 12.958 GC heap after
Heap after GC invocations=13 (full 1):
 PSYoungGen      total 94208K, used 6004K [0x00000000e0000000, 0x00000000e6780000, 0x0000000100000000)
  eden space 86016K, 0% used [0x00000000e0000000,0x00000000e0000000,0x00000000e5400000)
  from space 8192K, 73% used [0x00000000e5c80000,0x00000000e625d090,0x00000000e6480000)
  to   space 8704K, 0% used [0x00000000e5400000,0x00000000e5400000,0x00000000e5c80000)
 ParOldGen       total 37888K, used 12933K [0x00000000a0000000, 0x00000000a2500000, 0x00000000e0000000)
  object space 37888K, 34% used [0x00000000a0000000,0x00000000a0ca15b0,0x00000000a2500000)
 Metaspace       used 34687K, capacity 35208K, committed 35496K, reserved 1079296K
  class space    used 4641K, capacity 4817K, committed 4864K, reserved 1048576K
}
Event: 12.958 GC heap before
{Heap before GC invocations=14 (full 2):
 PSYoungGen      total 94208K, used 6004K [0x00000000e0000000, 0x00000000e6780000, 0x0000000100000000)
  eden space 86016K, 0% used [0x00000000e0000000,0x00000000e0000000,0x00000000e5400000)
  from space 8192K, 73% used [0x00000000e5c80000,0x00000000e625d090,0x00000000e6480000)
  to   space 8704K, 0% used [0x00000000e5400000,0x00000000e5400000,0x00000000e5c80000)
 ParOldGen       total 37888K, used 12933K [0x00000000a0000000, 0x00000000a2500000, 0x00000000e0000000)
  object space 37888K, 34% used [0x00000000a0000000,0x00000000a0ca15b0,0x00000000a2500000)
 Metaspace       used 34687K, capacity 35208K, committed 35496K, reserved 1079296K
  class space    used 4641K, capacity 4817K, committed 4864K, reserved 1048576K
Event: 13.077 GC heap after
Heap after GC invocations=14 (full 2):
 PSYoungGen      total 94208K, used 0K [0x00000000e0000000, 0x00000000e6780000, 0x0000000100000000)
  eden space 86016K, 0% used [0x00000000e0000000,0x00000000e0000000,0x00000000e5400000)
  from space 8192K, 0% used [0x00000000e5c80000,0x00000000e5c80000,0x00000000e6480000)
  to   space 8704K, 0% used [0x00000000e5400000,0x00000000e5400000,0x00000000e5c80000)
 ParOldGen       total 37888K, used 15555K [0x00000000a0000000, 0x00000000a2500000, 0x00000000e0000000)
  object space 37888K, 41% used [0x00000000a0000000,0x00000000a0f30e90,0x00000000a2500000)
 Metaspace       used 34687K, capacity 35208K, committed 35496K, reserved 1079296K
  class space    used 4641K, capacity 4817K, committed 4864K, reserved 1048576K
}

