# JRE version: OpenJDK Runtime Environment (8.0_76-b03) (build 1.8.0_76-release-b03)
# Java VM: OpenJDK 64-Bit Server VM (25.76-b03 mixed mode windows-amd64 compressed oops)
Heap:
 PSYoungGen      total 71168K, used 41524K [0x00000000e0000000, 0x00000000e5c00000, 0x0000000100000000)
  eden space 62464K, 66% used [0x00000000e0000000,0x00000000e288d088,0x00000000e3d00000)
  from space 8704K, 0% used [0x00000000e5380000,0x00000000e5380000,0x00000000e5c00000)
  to   space 7680K, 0% used [0x00000000e3d00000,0x00000000e3d00000,0x00000000e4480000)
 ParOldGen       total 37888K, used 15674K [0x00000000a0000000, 0x00000000a2500000, 0x00000000e0000000)
  object space 37888K, 41% used [0x00000000a0000000,0x00000000a0f4e948,0x00000000a2500000)
 Metaspace       used 36390K, capacity 37260K, committed 37424K, reserved 1081344K
  class space    used 4895K, capacity 5136K, committed 5168K, reserved 1048576K
GC Heap History (10 events):
Event: 5.893 GC heap before
{Heap before GC invocations=10 (full 1):
 PSYoungGen      total 52224K, used 52178K [0x00000000e0000000, 0x00000000e4c00000, 0x0000000100000000)
  eden space 47616K, 100% used [0x00000000e0000000,0x00000000e2e80000,0x00000000e2e80000)
  from space 4608K, 99% used [0x00000000e4780000,0x00000000e4bf4930,0x00000000e4c00000)
  to   space 7168K, 0% used [0x00000000e3e00000,0x00000000e3e00000,0x00000000e4500000)
 ParOldGen       total 37888K, used 8647K [0x00000000a0000000, 0x00000000a2500000, 0x00000000e0000000)
  object space 37888K, 22% used [0x00000000a0000000,0x00000000a0871f28,0x00000000a2500000)
 Metaspace       used 27275K, capacity 27858K, committed 27952K, reserved 1073152K
  class space    used 3747K, capacity 3881K, committed 3888K, reserved 1048576K
Event: 5.901 GC heap after
Heap after GC invocations=10 (full 1):
 PSYoungGen      total 67072K, used 6501K [0x00000000e0000000, 0x00000000e4a00000, 0x0000000100000000)
  eden space 60416K, 0% used [0x00000000e0000000,0x00000000e0000000,0x00000000e3b00000)
  from space 6656K, 97% used [0x00000000e3e00000,0x00000000e4459430,0x00000000e4480000)
  to   space 5632K, 0% used [0x00000000e4480000,0x00000000e4480000,0x00000000e4a00000)
 ParOldGen       total 37888K, used 8655K [0x00000000a0000000, 0x00000000a2500000, 0x00000000e0000000)
  object space 37888K, 22% used [0x00000000a0000000,0x00000000a0873f28,0x00000000a2500000)
 Metaspace       used 27275K, capacity 27858K, committed 27952K, reserved 1073152K
  class space    used 3747K, capacity 3881K, committed 3888K, reserved 1048576K
}
Event: 7.494 GC heap before
{Heap before GC invocations=11 (full 1):
 PSYoungGen      total 67072K, used 66917K [0x00000000e0000000, 0x00000000e4a00000, 0x0000000100000000)
  eden space 60416K, 100% used [0x00000000e0000000,0x00000000e3b00000,0x00000000e3b00000)
  from space 6656K, 97% used [0x00000000e3e00000,0x00000000e4459430,0x00000000e4480000)
  to   space 5632K, 0% used [0x00000000e4480000,0x00000000e4480000,0x00000000e4a00000)
 ParOldGen       total 37888K, used 8655K [0x00000000a0000000, 0x00000000a2500000, 0x00000000e0000000)
  object space 37888K, 22% used [0x00000000a0000000,0x00000000a0873f28,0x00000000a2500000)
 Metaspace       used 28393K, capacity 28970K, committed 29104K, reserved 1075200K
  class space    used 3862K, capacity 4013K, committed 4016K, reserved 1048576K
Event: 7.503 GC heap after
Heap after GC invocations=11 (full 1):
 PSYoungGen      total 68096K, used 4827K [0x00000000e0000000, 0x00000000e5800000, 0x0000000100000000)
  eden space 62464K, 0% used [0x00000000e0000000,0x00000000e0000000,0x00000000e3d00000)
  from space 5632K, 85% used [0x00000000e4480000,0x00000000e4936fa8,0x00000000e4a00000)
  to   space 7680K, 0% used [0x00000000e3d00000,0x00000000e3d00000,0x00000000e4480000)
 ParOldGen       total 37888K, used 8727K [0x00000000a0000000, 0x00000000a2500000, 0x00000000e0000000)
  object space 37888K, 23% used [0x00000000a0000000,0x00000000a0885f38,0x00000000a2500000)
 Metaspace       used 28393K, capacity 28970K, committed 29104K, reserved 1075200K
  class space    used 3862K, capacity 4013K, committed 4016K, reserved 1048576K
}
Event: 8.921 GC heap before
{Heap before GC invocations=12 (full 1):
 PSYoungGen      total 68096K, used 67291K [0x00000000e0000000, 0x00000000e5800000, 0x0000000100000000)
  eden space 62464K, 100% used [0x00000000e0000000,0x00000000e3d00000,0x00000000e3d00000)
  from space 5632K, 85% used [0x00000000e4480000,0x00000000e4936fa8,0x00000000e4a00000)
  to   space 7680K, 0% used [0x00000000e3d00000,0x00000000e3d00000,0x00000000e4480000)
 ParOldGen       total 37888K, used 8727K [0x00000000a0000000, 0x00000000a2500000, 0x00000000e0000000)
  object space 37888K, 23% used [0x00000000a0000000,0x00000000a0885f38,0x00000000a2500000)
 Metaspace       used 33062K, capacity 33820K, committed 33968K, reserved 1079296K
  class space    used 4460K, capacity 4699K, committed 4784K, reserved 1048576K
Event: 8.934 GC heap after
Heap after GC invocations=12 (full 1):
 PSYoungGen      total 70144K, used 7662K [0x00000000e0000000, 0x00000000e5c00000, 0x0000000100000000)
  eden space 62464K, 0% used [0x00000000e0000000,0x00000000e0000000,0x00000000e3d00000)
  from space 7680K, 99% used [0x00000000e3d00000,0x00000000e447ba70,0x00000000e4480000)
  to   space 8704K, 0% used [0x00000000e5380000,0x00000000e5380000,0x00000000e5c00000)
 ParOldGen       total 37888K, used 10288K [0x00000000a0000000, 0x00000000a2500000, 0x00000000e0000000)
  object space 37888K, 27% used [0x00000000a0000000,0x00000000a0a0c238,0x00000000a2500000)
 Metaspace       used 33062K, capacity 33820K, committed 33968K, reserved 1079296K
  class space    used 4460K, capacity 4699K, committed 4784K, reserved 1048576K
}
Event: 9.364 GC heap before
{Heap before GC invocations=13 (full 1):
 PSYoungGen      total 70144K, used 43056K [0x00000000e0000000, 0x00000000e5c00000, 0x0000000100000000)
  eden space 62464K, 56% used [0x00000000e0000000,0x00000000e2290608,0x00000000e3d00000)
  from space 7680K, 99% used [0x00000000e3d00000,0x00000000e447ba70,0x00000000e4480000)
  to   space 8704K, 0% used [0x00000000e5380000,0x00000000e5380000,0x00000000e5c00000)
 ParOldGen       total 37888K, used 10288K [0x00000000a0000000, 0x00000000a2500000, 0x00000000e0000000)
  object space 37888K, 27% used [0x00000000a0000000,0x00000000a0a0c238,0x00000000a2500000)
 Metaspace       used 34645K, capacity 35328K, committed 35496K, reserved 1079296K
  class space    used 4652K, capacity 4833K, committed 4912K, reserved 1048576K
Event: 9.380 GC heap after
Heap after GC invocations=13 (full 1):
 PSYoungGen      total 71168K, used 7899K [0x00000000e0000000, 0x00000000e5c00000, 0x0000000100000000)
  eden space 62464K, 0% used [0x00000000e0000000,0x00000000e0000000,0x00000000e3d00000)
  from space 8704K, 90% used [0x00000000e5380000,0x00000000e5b36e10,0x00000000e5c00000)
  to   space 7680K, 0% used [0x00000000e3d00000,0x00000000e3d00000,0x00000000e4480000)
 ParOldGen       total 37888K, used 10296K [0x00000000a0000000, 0x00000000a2500000, 0x00000000e0000000)
  object space 37888K, 27% used [0x00000000a0000000,0x00000000a0a0e238,0x00000000a2500000)
 Metaspace       used 34645K, capacity 35328K, committed 35496K, reserved 1079296K
  class space    used 4652K, capacity 4833K, committed 4912K, reserved 1048576K
}
Event: 9.380 GC heap before
{Heap before GC invocations=14 (full 2):
 PSYoungGen      total 71168K, used 7899K [0x00000000e0000000, 0x00000000e5c00000, 0x0000000100000000)
  eden space 62464K, 0% used [0x00000000e0000000,0x00000000e0000000,0x00000000e3d00000)
  from space 8704K, 90% used [0x00000000e5380000,0x00000000e5b36e10,0x00000000e5c00000)
  to   space 7680K, 0% used [0x00000000e3d00000,0x00000000e3d00000,0x00000000e4480000)
 ParOldGen       total 37888K, used 10296K [0x00000000a0000000, 0x00000000a2500000, 0x00000000e0000000)
  object space 37888K, 27% used [0x00000000a0000000,0x00000000a0a0e238,0x00000000a2500000)
 Metaspace       used 34645K, capacity 35328K, committed 35496K, reserved 1079296K
  class space    used 4652K, capacity 4833K, committed 4912K, reserved 1048576K
Event: 9.462 GC heap after
Heap after GC invocations=14 (full 2):
 PSYoungGen      total 71168K, used 0K [0x00000000e0000000, 0x00000000e5c00000, 0x0000000100000000)
  eden space 62464K, 0% used [0x00000000e0000000,0x00000000e0000000,0x00000000e3d00000)
  from space 8704K, 0% used [0x00000000e5380000,0x00000000e5380000,0x00000000e5c00000)
  to   space 7680K, 0% used [0x00000000e3d00000,0x00000000e3d00000,0x00000000e4480000)
 ParOldGen       total 37888K, used 15674K [0x00000000a0000000, 0x00000000a2500000, 0x00000000e0000000)
  object space 37888K, 41% used [0x00000000a0000000,0x00000000a0f4e948,0x00000000a2500000)
 Metaspace       used 34645K, capacity 35328K, committed 35496K, reserved 1079296K
  class space    used 4652K, capacity 4833K, committed 4912K, reserved 1048576K
}

