# JRE version: OpenJDK Runtime Environment (8.0_76-b03) (build 1.8.0_76-release-b03)
# Java VM: OpenJDK 64-Bit Server VM (25.76-b03 mixed mode windows-amd64 compressed oops)
Heap:
 PSYoungGen      total 104448K, used 41867K [0x00000000e0000000, 0x00000000e7100000, 0x0000000100000000)
  eden space 98304K, 42% used [0x00000000e0000000,0x00000000e28e2f20,0x00000000e6000000)
  from space 6144K, 0% used [0x00000000e6b00000,0x00000000e6b00000,0x00000000e7100000)
  to   space 8704K, 0% used [0x00000000e6000000,0x00000000e6000000,0x00000000e6880000)
 ParOldGen       total 53760K, used 15063K [0x00000000a0000000, 0x00000000a3480000, 0x00000000e0000000)
  object space 53760K, 28% used [0x00000000a0000000,0x00000000a0eb5e38,0x00000000a3480000)
 Metaspace       used 36540K, capacity 37256K, committed 37632K, reserved 1081344K
  class space    used 4924K, capacity 5094K, committed 5120K, reserved 1048576K
GC Heap History (10 events):
Event: 7.106 GC heap before
{Heap before GC invocations=8 (full 1):
 PSYoungGen      total 73216K, used 65536K [0x00000000e0000000, 0x00000000e5000000, 0x0000000100000000)
  eden space 65536K, 100% used [0x00000000e0000000,0x00000000e4000000,0x00000000e4000000)
  from space 7680K, 0% used [0x00000000e4880000,0x00000000e4880000,0x00000000e5000000)
  to   space 8192K, 0% used [0x00000000e4000000,0x00000000e4000000,0x00000000e4800000)
 ParOldGen       total 37376K, used 8256K [0x00000000a0000000, 0x00000000a2480000, 0x00000000e0000000)
  object space 37376K, 22% used [0x00000000a0000000,0x00000000a0810248,0x00000000a2480000)
 Metaspace       used 25960K, capacity 26426K, committed 26752K, reserved 1073152K
  class space    used 3564K, capacity 3705K, committed 3712K, reserved 1048576K
Event: 7.119 GC heap after
Heap after GC invocations=8 (full 1):
 PSYoungGen      total 73728K, used 7596K [0x00000000e0000000, 0x00000000e7400000, 0x0000000100000000)
  eden space 65536K, 0% used [0x00000000e0000000,0x00000000e0000000,0x00000000e4000000)
  from space 8192K, 92% used [0x00000000e4000000,0x00000000e476b1d8,0x00000000e4800000)
  to   space 9216K, 0% used [0x00000000e6b00000,0x00000000e6b00000,0x00000000e7400000)
 ParOldGen       total 37376K, used 8256K [0x00000000a0000000, 0x00000000a2480000, 0x00000000e0000000)
  object space 37376K, 22% used [0x00000000a0000000,0x00000000a0810248,0x00000000a2480000)
 Metaspace       used 25960K, capacity 26426K, committed 26752K, reserved 1073152K
  class space    used 3564K, capacity 3705K, committed 3712K, reserved 1048576K
}
Event: 9.098 GC heap before
{Heap before GC invocations=9 (full 1):
 PSYoungGen      total 73728K, used 73132K [0x00000000e0000000, 0x00000000e7400000, 0x0000000100000000)
  eden space 65536K, 100% used [0x00000000e0000000,0x00000000e4000000,0x00000000e4000000)
  from space 8192K, 92% used [0x00000000e4000000,0x00000000e476b1d8,0x00000000e4800000)
  to   space 9216K, 0% used [0x00000000e6b00000,0x00000000e6b00000,0x00000000e7400000)
 ParOldGen       total 37376K, used 8256K [0x00000000a0000000, 0x00000000a2480000, 0x00000000e0000000)
  object space 37376K, 22% used [0x00000000a0000000,0x00000000a0810248,0x00000000a2480000)
 Metaspace       used 27876K, capacity 28338K, committed 28544K, reserved 1073152K
  class space    used 3788K, capacity 3933K, committed 3968K, reserved 1048576K
Event: 9.114 GC heap after
Heap after GC invocations=9 (full 1):
 PSYoungGen      total 104448K, used 5117K [0x00000000e0000000, 0x00000000e7100000, 0x0000000100000000)
  eden space 98304K, 0% used [0x00000000e0000000,0x00000000e0000000,0x00000000e6000000)
  from space 6144K, 83% used [0x00000000e6b00000,0x00000000e6fff738,0x00000000e7100000)
  to   space 8704K, 0% used [0x00000000e6000000,0x00000000e6000000,0x00000000e6880000)
 ParOldGen       total 37376K, used 8264K [0x00000000a0000000, 0x00000000a2480000, 0x00000000e0000000)
  object space 37376K, 22% used [0x00000000a0000000,0x00000000a0812248,0x00000000a2480000)
 Metaspace       used 27876K, capacity 28338K, committed 28544K, reserved 1073152K
  class space    used 3788K, capacity 3933K, committed 3968K, reserved 1048576K
}
Event: 11.808 GC heap before
{Heap before GC invocations=10 (full 1):
 PSYoungGen      total 104448K, used 103421K [0x00000000e0000000, 0x00000000e7100000, 0x0000000100000000)
  eden space 98304K, 100% used [0x00000000e0000000,0x00000000e6000000,0x00000000e6000000)
  from space 6144K, 83% used [0x00000000e6b00000,0x00000000e6fff738,0x00000000e7100000)
  to   space 8704K, 0% used [0x00000000e6000000,0x00000000e6000000,0x00000000e6880000)
 ParOldGen       total 37376K, used 8264K [0x00000000a0000000, 0x00000000a2480000, 0x00000000e0000000)
  object space 37376K, 22% used [0x00000000a0000000,0x00000000a0812248,0x00000000a2480000)
 Metaspace       used 33876K, capacity 34454K, committed 34688K, reserved 1079296K
  class space    used 4546K, capacity 4718K, committed 4736K, reserved 1048576K
Event: 11.836 GC heap after
Heap after GC invocations=10 (full 1):
 PSYoungGen      total 107008K, used 8697K [0x00000000e0000000, 0x00000000e7100000, 0x0000000100000000)
  eden space 98304K, 0% used [0x00000000e0000000,0x00000000e0000000,0x00000000e6000000)
  from space 8704K, 99% used [0x00000000e6000000,0x00000000e687e510,0x00000000e6880000)
  to   space 6144K, 0% used [0x00000000e6b00000,0x00000000e6b00000,0x00000000e7100000)
 ParOldGen       total 37376K, used 10684K [0x00000000a0000000, 0x00000000a2480000, 0x00000000e0000000)
  object space 37376K, 28% used [0x00000000a0000000,0x00000000a0a6f058,0x00000000a2480000)
 Metaspace       used 33876K, capacity 34454K, committed 34688K, reserved 1079296K
  class space    used 4546K, capacity 4718K, committed 4736K, reserved 1048576K
}
Event: 12.117 GC heap before
{Heap before GC invocations=11 (full 1):
 PSYoungGen      total 107008K, used 18110K [0x00000000e0000000, 0x00000000e7100000, 0x0000000100000000)
  eden space 98304K, 9% used [0x00000000e0000000,0x00000000e09314c8,0x00000000e6000000)
  from space 8704K, 99% used [0x00000000e6000000,0x00000000e687e510,0x00000000e6880000)
  to   space 6144K, 0% used [0x00000000e6b00000,0x00000000e6b00000,0x00000000e7100000)
 ParOldGen       total 37376K, used 10684K [0x00000000a0000000, 0x00000000a2480000, 0x00000000e0000000)
  object space 37376K, 28% used [0x00000000a0000000,0x00000000a0a6f058,0x00000000a2480000)
 Metaspace       used 34691K, capacity 35208K, committed 35496K, reserved 1079296K
  class space    used 4649K, capacity 4817K, committed 4864K, reserved 1048576K
Event: 12.129 GC heap after
Heap after GC invocations=11 (full 1):
 PSYoungGen      total 104448K, used 5698K [0x00000000e0000000, 0x00000000e7100000, 0x0000000100000000)
  eden space 98304K, 0% used [0x00000000e0000000,0x00000000e0000000,0x00000000e6000000)
  from space 6144K, 92% used [0x00000000e6b00000,0x00000000e7090958,0x00000000e7100000)
  to   space 8704K, 0% used [0x00000000e6000000,0x00000000e6000000,0x00000000e6880000)
 ParOldGen       total 37376K, used 13248K [0x00000000a0000000, 0x00000000a2480000, 0x00000000e0000000)
  object space 37376K, 35% used [0x00000000a0000000,0x00000000a0cf0078,0x00000000a2480000)
 Metaspace       used 34691K, capacity 35208K, committed 35496K, reserved 1079296K
  class space    used 4649K, capacity 4817K, committed 4864K, reserved 1048576K
}
Event: 12.129 GC heap before
{Heap before GC invocations=12 (full 2):
 PSYoungGen      total 104448K, used 5698K [0x00000000e0000000, 0x00000000e7100000, 0x0000000100000000)
  eden space 98304K, 0% used [0x00000000e0000000,0x00000000e0000000,0x00000000e6000000)
  from space 6144K, 92% used [0x00000000e6b00000,0x00000000e7090958,0x00000000e7100000)
  to   space 8704K, 0% used [0x00000000e6000000,0x00000000e6000000,0x00000000e6880000)
 ParOldGen       total 37376K, used 13248K [0x00000000a0000000, 0x00000000a2480000, 0x00000000e0000000)
  object space 37376K, 35% used [0x00000000a0000000,0x00000000a0cf0078,0x00000000a2480000)
 Metaspace       used 34691K, capacity 35208K, committed 35496K, reserved 1079296K
  class space    used 4649K, capacity 4817K, committed 4864K, reserved 1048576K
Event: 12.209 GC heap after
Heap after GC invocations=12 (full 2):
 PSYoungGen      total 104448K, used 0K [0x00000000e0000000, 0x00000000e7100000, 0x0000000100000000)
  eden space 98304K, 0% used [0x00000000e0000000,0x00000000e0000000,0x00000000e6000000)
  from space 6144K, 0% used [0x00000000e6b00000,0x00000000e6b00000,0x00000000e7100000)
  to   space 8704K, 0% used [0x00000000e6000000,0x00000000e6000000,0x00000000e6880000)
 ParOldGen       total 53760K, used 15063K [0x00000000a0000000, 0x00000000a3480000, 0x00000000e0000000)
  object space 53760K, 28% used [0x00000000a0000000,0x00000000a0eb5e38,0x00000000a3480000)
 Metaspace       used 34691K, capacity 35208K, committed 35496K, reserved 1079296K
  class space    used 4649K, capacity 4817K, committed 4864K, reserved 1048576K
}

